{"/Users/ryanparrish/lyn_project/apps/pantry/static/food_orders/js/admin_image_preview.js": {"path":"/Users/ryanparrish/lyn_project/apps/pantry/static/food_orders/js/admin_image_preview.js","statementMap":{"0":{"start":{"line":1,"column":0},"end":{"line":24,"column":3}},"1":{"start":{"line":2,"column":23},"end":{"line":2,"column":58}},"2":{"start":{"line":4,"column":4},"end":{"line":4,"column":28}},"3":{"start":{"line":4,"column":21},"end":{"line":4,"column":28}},"4":{"start":{"line":6,"column":20},"end":{"line":6,"column":49}},"5":{"start":{"line":7,"column":4},"end":{"line":7,"column":38}},"6":{"start":{"line":8,"column":4},"end":{"line":8,"column":37}},"7":{"start":{"line":10,"column":4},"end":{"line":10,"column":47}},"8":{"start":{"line":12,"column":4},"end":{"line":23,"column":7}},"9":{"start":{"line":13,"column":21},"end":{"line":13,"column":34}},"10":{"start":{"line":14,"column":8},"end":{"line":22,"column":9}},"11":{"start":{"line":15,"column":27},"end":{"line":15,"column":43}},"12":{"start":{"line":16,"column":12},"end":{"line":18,"column":14}},"13":{"start":{"line":17,"column":16},"end":{"line":17,"column":46}},"14":{"start":{"line":19,"column":12},"end":{"line":19,"column":39}},"15":{"start":{"line":21,"column":12},"end":{"line":21,"column":29}}},"fnMap":{"0":{"name":"(anonymous_0)","decl":{"start":{"line":1,"column":46},"end":{"line":1,"column":47}},"loc":{"start":{"line":1,"column":58},"end":{"line":24,"column":1}},"line":1},"1":{"name":"(anonymous_1)","decl":{"start":{"line":12,"column":42},"end":{"line":12,"column":43}},"loc":{"start":{"line":12,"column":54},"end":{"line":23,"column":5}},"line":12},"2":{"name":"(anonymous_2)","decl":{"start":{"line":16,"column":28},"end":{"line":16,"column":29}},"loc":{"start":{"line":16,"column":41},"end":{"line":18,"column":13}},"line":16}},"branchMap":{"0":{"loc":{"start":{"line":4,"column":4},"end":{"line":4,"column":28}},"type":"if","locations":[{"start":{"line":4,"column":4},"end":{"line":4,"column":28}},{"start":{},"end":{}}],"line":4},"1":{"loc":{"start":{"line":14,"column":8},"end":{"line":22,"column":9}},"type":"if","locations":[{"start":{"line":14,"column":8},"end":{"line":22,"column":9}},{"start":{"line":20,"column":15},"end":{"line":22,"column":9}}],"line":14}},"s":{"0":0,"1":0,"2":0,"3":0,"4":0,"5":0,"6":0,"7":0,"8":0,"9":0,"10":0,"11":0,"12":0,"13":0,"14":0,"15":0},"f":{"0":0,"1":0,"2":0},"b":{"0":[0,0],"1":[0,0]}}
,"/Users/ryanparrish/lyn_project/apps/pantry/static/food_orders/js/orderitem_inline.js": {"path":"/Users/ryanparrish/lyn_project/apps/pantry/static/food_orders/js/orderitem_inline.js","statementMap":{"0":{"start":{"line":1,"column":0},"end":{"line":159,"column":3}},"1":{"start":{"line":2,"column":19},"end":{"line":2,"column":20}},"2":{"start":{"line":5,"column":25},"end":{"line":5,"column":79}},"3":{"start":{"line":6,"column":4},"end":{"line":11,"column":5}},"4":{"start":{"line":7,"column":19},"end":{"line":7,"column":47}},"5":{"start":{"line":8,"column":8},"end":{"line":8,"column":39}},"6":{"start":{"line":9,"column":8},"end":{"line":9,"column":37}},"7":{"start":{"line":10,"column":8},"end":{"line":10,"column":69}},"8":{"start":{"line":14,"column":8},"end":{"line":21,"column":9}},"9":{"start":{"line":15,"column":12},"end":{"line":15,"column":30}},"10":{"start":{"line":16,"column":15},"end":{"line":21,"column":9}},"11":{"start":{"line":17,"column":12},"end":{"line":17,"column":23}},"12":{"start":{"line":18,"column":12},"end":{"line":18,"column":37}},"13":{"start":{"line":20,"column":12},"end":{"line":20,"column":71}},"14":{"start":{"line":25,"column":8},"end":{"line":25,"column":69}},"15":{"start":{"line":26,"column":22},"end":{"line":26,"column":67}},"16":{"start":{"line":27,"column":8},"end":{"line":30,"column":9}},"17":{"start":{"line":28,"column":12},"end":{"line":28,"column":60}},"18":{"start":{"line":29,"column":12},"end":{"line":29,"column":19}},"19":{"start":{"line":32,"column":22},"end":{"line":32,"column":50}},"20":{"start":{"line":33,"column":21},"end":{"line":33,"column":58}},"21":{"start":{"line":34,"column":8},"end":{"line":34,"column":30}},"22":{"start":{"line":36,"column":8},"end":{"line":36,"column":34}},"23":{"start":{"line":37,"column":8},"end":{"line":37,"column":27}},"24":{"start":{"line":39,"column":8},"end":{"line":43,"column":11}},"25":{"start":{"line":40,"column":27},"end":{"line":40,"column":35}},"26":{"start":{"line":41,"column":12},"end":{"line":41,"column":28}},"27":{"start":{"line":42,"column":12},"end":{"line":42,"column":31}},"28":{"start":{"line":47,"column":30},"end":{"line":47,"column":73}},"29":{"start":{"line":48,"column":27},"end":{"line":48,"column":67}},"30":{"start":{"line":49,"column":29},"end":{"line":49,"column":66}},"31":{"start":{"line":50,"column":30},"end":{"line":50,"column":73}},"32":{"start":{"line":51,"column":31},"end":{"line":51,"column":89}},"33":{"start":{"line":53,"column":8},"end":{"line":53,"column":87}},"34":{"start":{"line":53,"column":80},"end":{"line":53,"column":87}},"35":{"start":{"line":56,"column":8},"end":{"line":58,"column":9}},"36":{"start":{"line":57,"column":12},"end":{"line":57,"column":48}},"37":{"start":{"line":61,"column":22},"end":{"line":61,"column":54}},"38":{"start":{"line":62,"column":8},"end":{"line":73,"column":9}},"39":{"start":{"line":63,"column":12},"end":{"line":63,"column":51}},"40":{"start":{"line":64,"column":12},"end":{"line":64,"column":48}},"41":{"start":{"line":65,"column":12},"end":{"line":65,"column":39}},"42":{"start":{"line":67,"column":29},"end":{"line":67,"column":59}},"43":{"start":{"line":68,"column":12},"end":{"line":72,"column":13}},"44":{"start":{"line":69,"column":16},"end":{"line":69,"column":52}},"45":{"start":{"line":71,"column":16},"end":{"line":71,"column":41}},"46":{"start":{"line":76,"column":12},"end":{"line":80,"column":13}},"47":{"start":{"line":77,"column":16},"end":{"line":77,"column":57}},"48":{"start":{"line":78,"column":19},"end":{"line":80,"column":13}},"49":{"start":{"line":79,"column":16},"end":{"line":79,"column":65}},"50":{"start":{"line":81,"column":12},"end":{"line":81,"column":21}},"51":{"start":{"line":85,"column":29},"end":{"line":85,"column":65}},"52":{"start":{"line":86,"column":26},"end":{"line":86,"column":41}},"53":{"start":{"line":87,"column":26},"end":{"line":87,"column":42}},"54":{"start":{"line":88,"column":12},"end":{"line":88,"column":49}},"55":{"start":{"line":89,"column":12},"end":{"line":89,"column":31}},"56":{"start":{"line":93,"column":30},"end":{"line":93,"column":49}},"57":{"start":{"line":94,"column":29},"end":{"line":94,"column":60}},"58":{"start":{"line":95,"column":12},"end":{"line":99,"column":13}},"59":{"start":{"line":96,"column":16},"end":{"line":96,"column":44}},"60":{"start":{"line":97,"column":19},"end":{"line":99,"column":13}},"61":{"start":{"line":98,"column":16},"end":{"line":98,"column":52}},"62":{"start":{"line":100,"column":12},"end":{"line":100,"column":30}},"63":{"start":{"line":103,"column":8},"end":{"line":103,"column":65}},"64":{"start":{"line":104,"column":8},"end":{"line":104,"column":78}},"65":{"start":{"line":104,"column":24},"end":{"line":104,"column":78}},"66":{"start":{"line":105,"column":8},"end":{"line":105,"column":73}},"67":{"start":{"line":107,"column":8},"end":{"line":107,"column":33}},"68":{"start":{"line":108,"column":8},"end":{"line":108,"column":26}},"69":{"start":{"line":110,"column":8},"end":{"line":116,"column":9}},"70":{"start":{"line":111,"column":12},"end":{"line":114,"column":15}},"71":{"start":{"line":112,"column":16},"end":{"line":112,"column":63}},"72":{"start":{"line":113,"column":16},"end":{"line":113,"column":35}},"73":{"start":{"line":115,"column":12},"end":{"line":115,"column":69}},"74":{"start":{"line":119,"column":8},"end":{"line":119,"column":87}},"75":{"start":{"line":119,"column":75},"end":{"line":119,"column":85}},"76":{"start":{"line":123,"column":25},"end":{"line":123,"column":69}},"77":{"start":{"line":124,"column":8},"end":{"line":139,"column":9}},"78":{"start":{"line":125,"column":12},"end":{"line":125,"column":54}},"79":{"start":{"line":126,"column":12},"end":{"line":126,"column":48}},"80":{"start":{"line":127,"column":28},"end":{"line":127,"column":75}},"81":{"start":{"line":129,"column":12},"end":{"line":131,"column":13}},"82":{"start":{"line":129,"column":25},"end":{"line":129,"column":26}},"83":{"start":{"line":130,"column":16},"end":{"line":130,"column":69}},"84":{"start":{"line":133,"column":28},"end":{"line":133,"column":56}},"85":{"start":{"line":134,"column":12},"end":{"line":134,"column":32}},"86":{"start":{"line":135,"column":12},"end":{"line":135,"column":93}},"87":{"start":{"line":136,"column":12},"end":{"line":136,"column":44}},"88":{"start":{"line":138,"column":12},"end":{"line":138,"column":42}},"89":{"start":{"line":143,"column":27},"end":{"line":143,"column":67}},"90":{"start":{"line":144,"column":25},"end":{"line":144,"column":26}},"91":{"start":{"line":145,"column":8},"end":{"line":151,"column":11}},"92":{"start":{"line":146,"column":24},"end":{"line":146,"column":40}},"93":{"start":{"line":147,"column":12},"end":{"line":150,"column":13}},"94":{"start":{"line":148,"column":28},"end":{"line":148,"column":57}},"95":{"start":{"line":149,"column":16},"end":{"line":149,"column":34}},"96":{"start":{"line":152,"column":24},"end":{"line":152,"column":62}},"97":{"start":{"line":153,"column":8},"end":{"line":155,"column":9}},"98":{"start":{"line":154,"column":12},"end":{"line":154,"column":54}},"99":{"start":{"line":158,"column":4},"end":{"line":158,"column":14}}},"fnMap":{"0":{"name":"(anonymous_0)","decl":{"start":{"line":1,"column":46},"end":{"line":1,"column":47}},"loc":{"start":{"line":1,"column":58},"end":{"line":159,"column":1}},"line":1},"1":{"name":"tryInit","decl":{"start":{"line":13,"column":13},"end":{"line":13,"column":20}},"loc":{"start":{"line":13,"column":23},"end":{"line":22,"column":5}},"line":13},"2":{"name":"initOrderItemJS","decl":{"start":{"line":24,"column":13},"end":{"line":24,"column":28}},"loc":{"start":{"line":24,"column":31},"end":{"line":44,"column":5}},"line":24},"3":{"name":"(anonymous_3)","decl":{"start":{"line":39,"column":56},"end":{"line":39,"column":57}},"loc":{"start":{"line":39,"column":69},"end":{"line":43,"column":9}},"line":39},"4":{"name":"initRow","decl":{"start":{"line":46,"column":13},"end":{"line":46,"column":20}},"loc":{"start":{"line":46,"column":26},"end":{"line":120,"column":5}},"line":46},"5":{"name":"getPriceValue","decl":{"start":{"line":75,"column":17},"end":{"line":75,"column":30}},"loc":{"start":{"line":75,"column":33},"end":{"line":82,"column":9}},"line":75},"6":{"name":"updateLineTotal","decl":{"start":{"line":84,"column":17},"end":{"line":84,"column":32}},"loc":{"start":{"line":84,"column":35},"end":{"line":90,"column":9}},"line":84},"7":{"name":"updatePriceFromProduct","decl":{"start":{"line":92,"column":17},"end":{"line":92,"column":39}},"loc":{"start":{"line":92,"column":42},"end":{"line":101,"column":9}},"line":92},"8":{"name":"(anonymous_8)","decl":{"start":{"line":111,"column":54},"end":{"line":111,"column":55}},"loc":{"start":{"line":111,"column":66},"end":{"line":114,"column":13}},"line":111},"9":{"name":"(anonymous_9)","decl":{"start":{"line":119,"column":70},"end":{"line":119,"column":71}},"loc":{"start":{"line":119,"column":75},"end":{"line":119,"column":85}},"line":119},"10":{"name":"addTotalSummaryRow","decl":{"start":{"line":122,"column":13},"end":{"line":122,"column":31}},"loc":{"start":{"line":122,"column":39},"end":{"line":140,"column":5}},"line":122},"11":{"name":"updateGrandTotal","decl":{"start":{"line":142,"column":13},"end":{"line":142,"column":29}},"loc":{"start":{"line":142,"column":32},"end":{"line":156,"column":5}},"line":142},"12":{"name":"(anonymous_12)","decl":{"start":{"line":145,"column":27},"end":{"line":145,"column":28}},"loc":{"start":{"line":145,"column":33},"end":{"line":151,"column":9}},"line":145}},"branchMap":{"0":{"loc":{"start":{"line":6,"column":4},"end":{"line":11,"column":5}},"type":"if","locations":[{"start":{"line":6,"column":4},"end":{"line":11,"column":5}},{"start":{},"end":{}}],"line":6},"1":{"loc":{"start":{"line":6,"column":8},"end":{"line":6,"column":70}},"type":"binary-expr","locations":[{"start":{"line":6,"column":8},"end":{"line":6,"column":20}},{"start":{"line":6,"column":24},"end":{"line":6,"column":70}}],"line":6},"2":{"loc":{"start":{"line":14,"column":8},"end":{"line":21,"column":9}},"type":"if","locations":[{"start":{"line":14,"column":8},"end":{"line":21,"column":9}},{"start":{"line":16,"column":15},"end":{"line":21,"column":9}}],"line":14},"3":{"loc":{"start":{"line":16,"column":15},"end":{"line":21,"column":9}},"type":"if","locations":[{"start":{"line":16,"column":15},"end":{"line":21,"column":9}},{"start":{"line":19,"column":15},"end":{"line":21,"column":9}}],"line":16},"4":{"loc":{"start":{"line":27,"column":8},"end":{"line":30,"column":9}},"type":"if","locations":[{"start":{"line":27,"column":8},"end":{"line":30,"column":9}},{"start":{},"end":{}}],"line":27},"5":{"loc":{"start":{"line":53,"column":8},"end":{"line":53,"column":87}},"type":"if","locations":[{"start":{"line":53,"column":8},"end":{"line":53,"column":87}},{"start":{},"end":{}}],"line":53},"6":{"loc":{"start":{"line":53,"column":12},"end":{"line":53,"column":78}},"type":"binary-expr","locations":[{"start":{"line":53,"column":12},"end":{"line":53,"column":26}},{"start":{"line":53,"column":31},"end":{"line":53,"column":42}},{"start":{"line":53,"column":46},"end":{"line":53,"column":59}},{"start":{"line":53,"column":64},"end":{"line":53,"column":78}}],"line":53},"7":{"loc":{"start":{"line":56,"column":8},"end":{"line":58,"column":9}},"type":"if","locations":[{"start":{"line":56,"column":8},"end":{"line":58,"column":9}},{"start":{},"end":{}}],"line":56},"8":{"loc":{"start":{"line":56,"column":12},"end":{"line":56,"column":34}},"type":"binary-expr","locations":[{"start":{"line":56,"column":12},"end":{"line":56,"column":24}},{"start":{"line":56,"column":28},"end":{"line":56,"column":34}}],"line":56},"9":{"loc":{"start":{"line":62,"column":8},"end":{"line":73,"column":9}},"type":"if","locations":[{"start":{"line":62,"column":8},"end":{"line":73,"column":9}},{"start":{},"end":{}}],"line":62},"10":{"loc":{"start":{"line":68,"column":12},"end":{"line":72,"column":13}},"type":"if","locations":[{"start":{"line":68,"column":12},"end":{"line":72,"column":13}},{"start":{"line":70,"column":19},"end":{"line":72,"column":13}}],"line":68},"11":{"loc":{"start":{"line":76,"column":12},"end":{"line":80,"column":13}},"type":"if","locations":[{"start":{"line":76,"column":12},"end":{"line":80,"column":13}},{"start":{"line":78,"column":19},"end":{"line":80,"column":13}}],"line":76},"12":{"loc":{"start":{"line":77,"column":23},"end":{"line":77,"column":56}},"type":"binary-expr","locations":[{"start":{"line":77,"column":23},"end":{"line":77,"column":51}},{"start":{"line":77,"column":55},"end":{"line":77,"column":56}}],"line":77},"13":{"loc":{"start":{"line":78,"column":19},"end":{"line":80,"column":13}},"type":"if","locations":[{"start":{"line":78,"column":19},"end":{"line":80,"column":13}},{"start":{},"end":{}}],"line":78},"14":{"loc":{"start":{"line":79,"column":23},"end":{"line":79,"column":64}},"type":"binary-expr","locations":[{"start":{"line":79,"column":23},"end":{"line":79,"column":59}},{"start":{"line":79,"column":63},"end":{"line":79,"column":64}}],"line":79},"15":{"loc":{"start":{"line":85,"column":29},"end":{"line":85,"column":65}},"type":"binary-expr","locations":[{"start":{"line":85,"column":29},"end":{"line":85,"column":60}},{"start":{"line":85,"column":64},"end":{"line":85,"column":65}}],"line":85},"16":{"loc":{"start":{"line":95,"column":12},"end":{"line":99,"column":13}},"type":"if","locations":[{"start":{"line":95,"column":12},"end":{"line":99,"column":13}},{"start":{"line":97,"column":19},"end":{"line":99,"column":13}}],"line":95},"17":{"loc":{"start":{"line":95,"column":16},"end":{"line":95,"column":52}},"type":"binary-expr","locations":[{"start":{"line":95,"column":16},"end":{"line":95,"column":26}},{"start":{"line":95,"column":30},"end":{"line":95,"column":52}}],"line":95},"18":{"loc":{"start":{"line":97,"column":19},"end":{"line":99,"column":13}},"type":"if","locations":[{"start":{"line":97,"column":19},"end":{"line":99,"column":13}},{"start":{},"end":{}}],"line":97},"19":{"loc":{"start":{"line":97,"column":23},"end":{"line":97,"column":61}},"type":"binary-expr","locations":[{"start":{"line":97,"column":23},"end":{"line":97,"column":35}},{"start":{"line":97,"column":39},"end":{"line":97,"column":61}}],"line":97},"20":{"loc":{"start":{"line":104,"column":8},"end":{"line":104,"column":78}},"type":"if","locations":[{"start":{"line":104,"column":8},"end":{"line":104,"column":78}},{"start":{},"end":{}}],"line":104},"21":{"loc":{"start":{"line":110,"column":8},"end":{"line":116,"column":9}},"type":"if","locations":[{"start":{"line":110,"column":8},"end":{"line":116,"column":9}},{"start":{},"end":{}}],"line":110},"22":{"loc":{"start":{"line":112,"column":36},"end":{"line":112,"column":62}},"type":"cond-expr","locations":[{"start":{"line":112,"column":51},"end":{"line":112,"column":57}},{"start":{"line":112,"column":60},"end":{"line":112,"column":62}}],"line":112},"23":{"loc":{"start":{"line":115,"column":32},"end":{"line":115,"column":68}},"type":"cond-expr","locations":[{"start":{"line":115,"column":57},"end":{"line":115,"column":63}},{"start":{"line":115,"column":66},"end":{"line":115,"column":68}}],"line":115},"24":{"loc":{"start":{"line":124,"column":8},"end":{"line":139,"column":9}},"type":"if","locations":[{"start":{"line":124,"column":8},"end":{"line":139,"column":9}},{"start":{},"end":{}}],"line":124},"25":{"loc":{"start":{"line":127,"column":28},"end":{"line":127,"column":75}},"type":"binary-expr","locations":[{"start":{"line":127,"column":28},"end":{"line":127,"column":70}},{"start":{"line":127,"column":74},"end":{"line":127,"column":75}}],"line":127},"26":{"loc":{"start":{"line":147,"column":12},"end":{"line":150,"column":13}},"type":"if","locations":[{"start":{"line":147,"column":12},"end":{"line":150,"column":13}},{"start":{},"end":{}}],"line":147},"27":{"loc":{"start":{"line":147,"column":16},"end":{"line":147,"column":51}},"type":"binary-expr","locations":[{"start":{"line":147,"column":16},"end":{"line":147,"column":19}},{"start":{"line":147,"column":23},"end":{"line":147,"column":51}}],"line":147},"28":{"loc":{"start":{"line":148,"column":28},"end":{"line":148,"column":57}},"type":"binary-expr","locations":[{"start":{"line":148,"column":28},"end":{"line":148,"column":52}},{"start":{"line":148,"column":56},"end":{"line":148,"column":57}}],"line":148},"29":{"loc":{"start":{"line":153,"column":8},"end":{"line":155,"column":9}},"type":"if","locations":[{"start":{"line":153,"column":8},"end":{"line":155,"column":9}},{"start":{},"end":{}}],"line":153}},"s":{"0":0,"1":0,"2":0,"3":0,"4":0,"5":0,"6":0,"7":0,"8":0,"9":0,"10":0,"11":0,"12":0,"13":0,"14":0,"15":0,"16":0,"17":0,"18":0,"19":0,"20":0,"21":0,"22":0,"23":0,"24":0,"25":0,"26":0,"27":0,"28":0,"29":0,"30":0,"31":0,"32":0,"33":0,"34":0,"35":0,"36":0,"37":0,"38":0,"39":0,"40":0,"41":0,"42":0,"43":0,"44":0,"45":0,"46":0,"47":0,"48":0,"49":0,"50":0,"51":0,"52":0,"53":0,"54":0,"55":0,"56":0,"57":0,"58":0,"59":0,"60":0,"61":0,"62":0,"63":0,"64":0,"65":0,"66":0,"67":0,"68":0,"69":0,"70":0,"71":0,"72":0,"73":0,"74":0,"75":0,"76":0,"77":0,"78":0,"79":0,"80":0,"81":0,"82":0,"83":0,"84":0,"85":0,"86":0,"87":0,"88":0,"89":0,"90":0,"91":0,"92":0,"93":0,"94":0,"95":0,"96":0,"97":0,"98":0,"99":0},"f":{"0":0,"1":0,"2":0,"3":0,"4":0,"5":0,"6":0,"7":0,"8":0,"9":0,"10":0,"11":0,"12":0},"b":{"0":[0,0],"1":[0,0],"2":[0,0],"3":[0,0],"4":[0,0],"5":[0,0],"6":[0,0,0,0],"7":[0,0],"8":[0,0],"9":[0,0],"10":[0,0],"11":[0,0],"12":[0,0],"13":[0,0],"14":[0,0],"15":[0,0],"16":[0,0],"17":[0,0],"18":[0,0],"19":[0,0],"20":[0,0],"21":[0,0],"22":[0,0],"23":[0,0],"24":[0,0],"25":[0,0],"26":[0,0],"27":[0,0],"28":[0,0],"29":[0,0]}}
,"/Users/ryanparrish/lyn_project/apps/pantry/static/food_orders/js/voucher_admin.js": {"path":"/Users/ryanparrish/lyn_project/apps/pantry/static/food_orders/js/voucher_admin.js","statementMap":{"0":{"start":{"line":1,"column":0},"end":{"line":43,"column":3}},"1":{"start":{"line":2,"column":4},"end":{"line":2,"column":46}},"2":{"start":{"line":5,"column":30},"end":{"line":5,"column":75}},"3":{"start":{"line":6,"column":27},"end":{"line":6,"column":77}},"4":{"start":{"line":7,"column":28},"end":{"line":7,"column":71}},"5":{"start":{"line":9,"column":8},"end":{"line":9,"column":66}},"6":{"start":{"line":9,"column":59},"end":{"line":9,"column":66}},"7":{"start":{"line":11,"column":26},"end":{"line":11,"column":45}},"8":{"start":{"line":12,"column":28},"end":{"line":12,"column":44}},"9":{"start":{"line":14,"column":8},"end":{"line":14,"column":47}},"10":{"start":{"line":14,"column":40},"end":{"line":14,"column":47}},"11":{"start":{"line":16,"column":20},"end":{"line":16,"column":99}},"12":{"start":{"line":18,"column":8},"end":{"line":23,"column":74}},"13":{"start":{"line":19,"column":25},"end":{"line":19,"column":35}},"14":{"start":{"line":21,"column":16},"end":{"line":21,"column":59}},"15":{"start":{"line":23,"column":26},"end":{"line":23,"column":72}},"16":{"start":{"line":27,"column":21},"end":{"line":27,"column":61}},"17":{"start":{"line":28,"column":8},"end":{"line":34,"column":11}},"18":{"start":{"line":29,"column":28},"end":{"line":29,"column":73}},"19":{"start":{"line":30,"column":25},"end":{"line":30,"column":75}},"20":{"start":{"line":31,"column":12},"end":{"line":31,"column":92}},"21":{"start":{"line":31,"column":25},"end":{"line":31,"column":92}},"22":{"start":{"line":31,"column":66},"end":{"line":31,"column":90}},"23":{"start":{"line":32,"column":12},"end":{"line":32,"column":86}},"24":{"start":{"line":32,"column":22},"end":{"line":32,"column":86}},"25":{"start":{"line":32,"column":60},"end":{"line":32,"column":84}},"26":{"start":{"line":33,"column":12},"end":{"line":33,"column":37}},"27":{"start":{"line":37,"column":4},"end":{"line":37,"column":22}},"28":{"start":{"line":39,"column":4},"end":{"line":42,"column":7}},"29":{"start":{"line":40,"column":23},"end":{"line":40,"column":31}},"30":{"start":{"line":41,"column":8},"end":{"line":41,"column":36}}},"fnMap":{"0":{"name":"(anonymous_0)","decl":{"start":{"line":1,"column":46},"end":{"line":1,"column":47}},"loc":{"start":{"line":1,"column":58},"end":{"line":43,"column":1}},"line":1},"1":{"name":"updateVoucherAmount","decl":{"start":{"line":4,"column":13},"end":{"line":4,"column":32}},"loc":{"start":{"line":4,"column":38},"end":{"line":24,"column":5}},"line":4},"2":{"name":"(anonymous_2)","decl":{"start":{"line":19,"column":18},"end":{"line":19,"column":19}},"loc":{"start":{"line":19,"column":25},"end":{"line":19,"column":35}},"line":19},"3":{"name":"(anonymous_3)","decl":{"start":{"line":20,"column":18},"end":{"line":20,"column":19}},"loc":{"start":{"line":20,"column":26},"end":{"line":22,"column":13}},"line":20},"4":{"name":"(anonymous_4)","decl":{"start":{"line":23,"column":19},"end":{"line":23,"column":20}},"loc":{"start":{"line":23,"column":26},"end":{"line":23,"column":72}},"line":23},"5":{"name":"initVoucherRows","decl":{"start":{"line":26,"column":13},"end":{"line":26,"column":28}},"loc":{"start":{"line":26,"column":31},"end":{"line":35,"column":5}},"line":26},"6":{"name":"(anonymous_6)","decl":{"start":{"line":28,"column":21},"end":{"line":28,"column":22}},"loc":{"start":{"line":28,"column":28},"end":{"line":34,"column":9}},"line":28},"7":{"name":"(anonymous_7)","decl":{"start":{"line":31,"column":60},"end":{"line":31,"column":61}},"loc":{"start":{"line":31,"column":66},"end":{"line":31,"column":90}},"line":31},"8":{"name":"(anonymous_8)","decl":{"start":{"line":32,"column":54},"end":{"line":32,"column":55}},"loc":{"start":{"line":32,"column":60},"end":{"line":32,"column":84}},"line":32},"9":{"name":"(anonymous_9)","decl":{"start":{"line":39,"column":52},"end":{"line":39,"column":53}},"loc":{"start":{"line":39,"column":65},"end":{"line":42,"column":5}},"line":39}},"branchMap":{"0":{"loc":{"start":{"line":9,"column":8},"end":{"line":9,"column":66}},"type":"if","locations":[{"start":{"line":9,"column":8},"end":{"line":9,"column":66}},{"start":{},"end":{}}],"line":9},"1":{"loc":{"start":{"line":9,"column":12},"end":{"line":9,"column":57}},"type":"binary-expr","locations":[{"start":{"line":9,"column":12},"end":{"line":9,"column":26}},{"start":{"line":9,"column":30},"end":{"line":9,"column":41}},{"start":{"line":9,"column":45},"end":{"line":9,"column":57}}],"line":9},"2":{"loc":{"start":{"line":14,"column":8},"end":{"line":14,"column":47}},"type":"if","locations":[{"start":{"line":14,"column":8},"end":{"line":14,"column":47}},{"start":{},"end":{}}],"line":14},"3":{"loc":{"start":{"line":14,"column":12},"end":{"line":14,"column":38}},"type":"binary-expr","locations":[{"start":{"line":14,"column":12},"end":{"line":14,"column":22}},{"start":{"line":14,"column":26},"end":{"line":14,"column":38}}],"line":14},"4":{"loc":{"start":{"line":31,"column":12},"end":{"line":31,"column":92}},"type":"if","locations":[{"start":{"line":31,"column":12},"end":{"line":31,"column":92}},{"start":{},"end":{}}],"line":31},"5":{"loc":{"start":{"line":32,"column":12},"end":{"line":32,"column":86}},"type":"if","locations":[{"start":{"line":32,"column":12},"end":{"line":32,"column":86}},{"start":{},"end":{}}],"line":32}},"s":{"0":0,"1":0,"2":0,"3":0,"4":0,"5":0,"6":0,"7":0,"8":0,"9":0,"10":0,"11":0,"12":0,"13":0,"14":0,"15":0,"16":0,"17":0,"18":0,"19":0,"20":0,"21":0,"22":0,"23":0,"24":0,"25":0,"26":0,"27":0,"28":0,"29":0,"30":0},"f":{"0":0,"1":0,"2":0,"3":0,"4":0,"5":0,"6":0,"7":0,"8":0,"9":0},"b":{"0":[0,0],"1":[0,0,0],"2":[0,0],"3":[0,0],"4":[0,0],"5":[0,0]}}
,"/Users/ryanparrish/lyn_project/apps/pantry/static/js/cart.js": {"path":"/Users/ryanparrish/lyn_project/apps/pantry/static/js/cart.js","statementMap":{"0":{"start":{"line":7,"column":11},"end":{"line":7,"column":13}},"1":{"start":{"line":13,"column":20},"end":{"line":13,"column":24}},"2":{"start":{"line":14,"column":2},"end":{"line":22,"column":3}},"3":{"start":{"line":15,"column":4},"end":{"line":21,"column":5}},"4":{"start":{"line":16,"column":6},"end":{"line":16,"column":29}},"5":{"start":{"line":17,"column":6},"end":{"line":20,"column":7}},"6":{"start":{"line":18,"column":8},"end":{"line":18,"column":72}},"7":{"start":{"line":19,"column":8},"end":{"line":19,"column":14}},"8":{"start":{"line":23,"column":2},"end":{"line":23,"column":21}},"9":{"start":{"line":30,"column":2},"end":{"line":33,"column":3}},"10":{"start":{"line":31,"column":4},"end":{"line":31,"column":62}},"11":{"start":{"line":32,"column":4},"end":{"line":32,"column":23}},"12":{"start":{"line":34,"column":2},"end":{"line":34,"column":31}},"13":{"start":{"line":41,"column":2},"end":{"line":41,"column":65}},"14":{"start":{"line":48,"column":2},"end":{"line":54,"column":3}},"15":{"start":{"line":49,"column":19},"end":{"line":49,"column":47}},"16":{"start":{"line":50,"column":4},"end":{"line":50,"column":44}},"17":{"start":{"line":52,"column":4},"end":{"line":52,"column":58}},"18":{"start":{"line":53,"column":4},"end":{"line":53,"column":14}},"19":{"start":{"line":61,"column":2},"end":{"line":61,"column":34}},"20":{"start":{"line":61,"column":21},"end":{"line":61,"column":34}},"21":{"start":{"line":63,"column":2},"end":{"line":63,"column":54}},"22":{"start":{"line":64,"column":2},"end":{"line":64,"column":26}},"23":{"start":{"line":65,"column":2},"end":{"line":65,"column":14}},"24":{"start":{"line":72,"column":2},"end":{"line":72,"column":25}},"25":{"start":{"line":73,"column":2},"end":{"line":73,"column":26}},"26":{"start":{"line":80,"column":2},"end":{"line":85,"column":3}},"27":{"start":{"line":81,"column":4},"end":{"line":81,"column":30}},"28":{"start":{"line":83,"column":4},"end":{"line":83,"column":31}},"29":{"start":{"line":84,"column":4},"end":{"line":84,"column":28}},"30":{"start":{"line":92,"column":2},"end":{"line":92,"column":64}},"31":{"start":{"line":92,"column":50},"end":{"line":92,"column":59}},"32":{"start":{"line":99,"column":14},"end":{"line":99,"column":15}},"33":{"start":{"line":100,"column":2},"end":{"line":105,"column":3}},"34":{"start":{"line":101,"column":20},"end":{"line":101,"column":39}},"35":{"start":{"line":102,"column":4},"end":{"line":104,"column":5}},"36":{"start":{"line":103,"column":6},"end":{"line":103,"column":40}},"37":{"start":{"line":106,"column":2},"end":{"line":106,"column":15}},"38":{"start":{"line":113,"column":2},"end":{"line":113,"column":12}},"39":{"start":{"line":114,"column":2},"end":{"line":114,"column":26}},"40":{"start":{"line":121,"column":2},"end":{"line":121,"column":21}},"41":{"start":{"line":128,"column":2},"end":{"line":128,"column":24}},"42":{"start":{"line":132,"column":0},"end":{"line":147,"column":1}},"43":{"start":{"line":133,"column":2},"end":{"line":146,"column":4}}},"fnMap":{"0":{"name":"getCookie","decl":{"start":{"line":12,"column":9},"end":{"line":12,"column":18}},"loc":{"start":{"line":12,"column":25},"end":{"line":24,"column":1}},"line":12},"1":{"name":"initializeCart","decl":{"start":{"line":29,"column":9},"end":{"line":29,"column":23}},"loc":{"start":{"line":29,"column":37},"end":{"line":35,"column":1}},"line":29},"2":{"name":"saveCartToStorage","decl":{"start":{"line":40,"column":9},"end":{"line":40,"column":26}},"loc":{"start":{"line":40,"column":37},"end":{"line":42,"column":1}},"line":40},"3":{"name":"loadCartFromStorage","decl":{"start":{"line":47,"column":9},"end":{"line":47,"column":28}},"loc":{"start":{"line":47,"column":31},"end":{"line":55,"column":1}},"line":47},"4":{"name":"addToCart","decl":{"start":{"line":60,"column":9},"end":{"line":60,"column":18}},"loc":{"start":{"line":60,"column":40},"end":{"line":66,"column":1}},"line":60},"5":{"name":"removeFromCart","decl":{"start":{"line":71,"column":9},"end":{"line":71,"column":23}},"loc":{"start":{"line":71,"column":35},"end":{"line":74,"column":1}},"line":71},"6":{"name":"updateCartQuantity","decl":{"start":{"line":79,"column":9},"end":{"line":79,"column":27}},"loc":{"start":{"line":79,"column":49},"end":{"line":86,"column":1}},"line":79},"7":{"name":"getCartItemCount","decl":{"start":{"line":91,"column":9},"end":{"line":91,"column":25}},"loc":{"start":{"line":91,"column":28},"end":{"line":93,"column":1}},"line":91},"8":{"name":"(anonymous_8)","decl":{"start":{"line":92,"column":36},"end":{"line":92,"column":37}},"loc":{"start":{"line":92,"column":50},"end":{"line":92,"column":59}},"line":92},"9":{"name":"calculateCartTotal","decl":{"start":{"line":98,"column":9},"end":{"line":98,"column":27}},"loc":{"start":{"line":98,"column":38},"end":{"line":107,"column":1}},"line":98},"10":{"name":"clearCart","decl":{"start":{"line":112,"column":9},"end":{"line":112,"column":18}},"loc":{"start":{"line":112,"column":21},"end":{"line":115,"column":1}},"line":112},"11":{"name":"getCart","decl":{"start":{"line":120,"column":9},"end":{"line":120,"column":16}},"loc":{"start":{"line":120,"column":19},"end":{"line":122,"column":1}},"line":120},"12":{"name":"setCart","decl":{"start":{"line":127,"column":9},"end":{"line":127,"column":16}},"loc":{"start":{"line":127,"column":26},"end":{"line":129,"column":1}},"line":127}},"branchMap":{"0":{"loc":{"start":{"line":14,"column":2},"end":{"line":22,"column":3}},"type":"if","locations":[{"start":{"line":14,"column":2},"end":{"line":22,"column":3}},{"start":{},"end":{}}],"line":14},"1":{"loc":{"start":{"line":14,"column":6},"end":{"line":14,"column":47}},"type":"binary-expr","locations":[{"start":{"line":14,"column":6},"end":{"line":14,"column":21}},{"start":{"line":14,"column":25},"end":{"line":14,"column":47}}],"line":14},"2":{"loc":{"start":{"line":17,"column":6},"end":{"line":20,"column":7}},"type":"if","locations":[{"start":{"line":17,"column":6},"end":{"line":20,"column":7}},{"start":{},"end":{}}],"line":17},"3":{"loc":{"start":{"line":30,"column":2},"end":{"line":33,"column":3}},"type":"if","locations":[{"start":{"line":30,"column":2},"end":{"line":33,"column":3}},{"start":{},"end":{}}],"line":30},"4":{"loc":{"start":{"line":30,"column":6},"end":{"line":30,"column":56}},"type":"binary-expr","locations":[{"start":{"line":30,"column":6},"end":{"line":30,"column":17}},{"start":{"line":30,"column":21},"end":{"line":30,"column":56}}],"line":30},"5":{"loc":{"start":{"line":41,"column":46},"end":{"line":41,"column":62}},"type":"binary-expr","locations":[{"start":{"line":41,"column":46},"end":{"line":41,"column":54}},{"start":{"line":41,"column":58},"end":{"line":41,"column":62}}],"line":41},"6":{"loc":{"start":{"line":50,"column":11},"end":{"line":50,"column":43}},"type":"cond-expr","locations":[{"start":{"line":50,"column":20},"end":{"line":50,"column":38}},{"start":{"line":50,"column":41},"end":{"line":50,"column":43}}],"line":50},"7":{"loc":{"start":{"line":61,"column":2},"end":{"line":61,"column":34}},"type":"if","locations":[{"start":{"line":61,"column":2},"end":{"line":61,"column":34}},{"start":{},"end":{}}],"line":61},"8":{"loc":{"start":{"line":63,"column":21},"end":{"line":63,"column":41}},"type":"binary-expr","locations":[{"start":{"line":63,"column":21},"end":{"line":63,"column":36}},{"start":{"line":63,"column":40},"end":{"line":63,"column":41}}],"line":63},"9":{"loc":{"start":{"line":80,"column":2},"end":{"line":85,"column":3}},"type":"if","locations":[{"start":{"line":80,"column":2},"end":{"line":85,"column":3}},{"start":{"line":82,"column":9},"end":{"line":85,"column":3}}],"line":80},"10":{"loc":{"start":{"line":102,"column":4},"end":{"line":104,"column":5}},"type":"if","locations":[{"start":{"line":102,"column":4},"end":{"line":104,"column":5}},{"start":{},"end":{}}],"line":102},"11":{"loc":{"start":{"line":132,"column":0},"end":{"line":147,"column":1}},"type":"if","locations":[{"start":{"line":132,"column":0},"end":{"line":147,"column":1}},{"start":{},"end":{}}],"line":132},"12":{"loc":{"start":{"line":132,"column":4},"end":{"line":132,"column":51}},"type":"binary-expr","locations":[{"start":{"line":132,"column":4},"end":{"line":132,"column":33}},{"start":{"line":132,"column":37},"end":{"line":132,"column":51}}],"line":132}},"s":{"0":1,"1":0,"2":0,"3":0,"4":0,"5":0,"6":0,"7":0,"8":0,"9":0,"10":0,"11":0,"12":0,"13":0,"14":1,"15":1,"16":1,"17":0,"18":0,"19":0,"20":0,"21":0,"22":0,"23":0,"24":0,"25":0,"26":0,"27":0,"28":0,"29":0,"30":0,"31":0,"32":0,"33":0,"34":0,"35":0,"36":0,"37":0,"38":0,"39":0,"40":0,"41":5,"42":1,"43":1},"f":{"0":0,"1":0,"2":0,"3":1,"4":0,"5":0,"6":0,"7":0,"8":0,"9":0,"10":0,"11":0,"12":5},"b":{"0":[0,0],"1":[0,0],"2":[0,0],"3":[0,0],"4":[0,0],"5":[0,0],"6":[0,1],"7":[0,0],"8":[0,0],"9":[0,0],"10":[0,0],"11":[1,0],"12":[1,1]},"_coverageSchema":"1a1c01bbd47fc00a2c39e90264f33305004495a9","hash":"90de9864b233ca5fef657b74cdbb2f1ee5a8e4d9"}
,"/Users/ryanparrish/lyn_project/apps/pantry/static/js/filter.js": {"path":"/Users/ryanparrish/lyn_project/apps/pantry/static/js/filter.js","statementMap":{"0":{"start":{"line":10,"column":2},"end":{"line":10,"column":63}},"1":{"start":{"line":17,"column":2},"end":{"line":17,"column":56}},"2":{"start":{"line":24,"column":25},"end":{"line":24,"column":42}},"3":{"start":{"line":25,"column":2},"end":{"line":25,"column":30}},"4":{"start":{"line":25,"column":23},"end":{"line":25,"column":30}},"5":{"start":{"line":28,"column":2},"end":{"line":37,"column":5}},"6":{"start":{"line":29,"column":16},"end":{"line":29,"column":37}},"7":{"start":{"line":30,"column":4},"end":{"line":36,"column":5}},"8":{"start":{"line":31,"column":6},"end":{"line":31,"column":46}},"9":{"start":{"line":32,"column":6},"end":{"line":32,"column":49}},"10":{"start":{"line":34,"column":6},"end":{"line":34,"column":49}},"11":{"start":{"line":35,"column":6},"end":{"line":35,"column":52}},"12":{"start":{"line":40,"column":2},"end":{"line":46,"column":5}},"13":{"start":{"line":41,"column":4},"end":{"line":45,"column":5}},"14":{"start":{"line":42,"column":6},"end":{"line":42,"column":38}},"15":{"start":{"line":44,"column":6},"end":{"line":44,"column":37}},"16":{"start":{"line":53,"column":2},"end":{"line":53,"column":24}},"17":{"start":{"line":56,"column":2},"end":{"line":59,"column":5}},"18":{"start":{"line":57,"column":4},"end":{"line":57,"column":47}},"19":{"start":{"line":58,"column":4},"end":{"line":58,"column":50}},"20":{"start":{"line":62,"column":2},"end":{"line":64,"column":5}},"21":{"start":{"line":63,"column":4},"end":{"line":63,"column":36}},"22":{"start":{"line":71,"column":2},"end":{"line":71,"column":28}},"23":{"start":{"line":74,"column":2},"end":{"line":83,"column":5}},"24":{"start":{"line":75,"column":16},"end":{"line":75,"column":37}},"25":{"start":{"line":76,"column":4},"end":{"line":82,"column":5}},"26":{"start":{"line":77,"column":6},"end":{"line":77,"column":46}},"27":{"start":{"line":78,"column":6},"end":{"line":78,"column":49}},"28":{"start":{"line":80,"column":6},"end":{"line":80,"column":49}},"29":{"start":{"line":81,"column":6},"end":{"line":81,"column":52}},"30":{"start":{"line":86,"column":2},"end":{"line":93,"column":5}},"31":{"start":{"line":87,"column":4},"end":{"line":92,"column":5}},"32":{"start":{"line":88,"column":6},"end":{"line":88,"column":38}},"33":{"start":{"line":89,"column":6},"end":{"line":89,"column":41}},"34":{"start":{"line":91,"column":6},"end":{"line":91,"column":37}},"35":{"start":{"line":97,"column":0},"end":{"line":105,"column":1}},"36":{"start":{"line":98,"column":2},"end":{"line":104,"column":4}}},"fnMap":{"0":{"name":"saveFilterState","decl":{"start":{"line":9,"column":9},"end":{"line":9,"column":24}},"loc":{"start":{"line":9,"column":41},"end":{"line":11,"column":1}},"line":9},"1":{"name":"loadFilterState","decl":{"start":{"line":16,"column":9},"end":{"line":16,"column":24}},"loc":{"start":{"line":16,"column":27},"end":{"line":18,"column":1}},"line":16},"2":{"name":"applyFilterState","decl":{"start":{"line":23,"column":9},"end":{"line":23,"column":25}},"loc":{"start":{"line":23,"column":28},"end":{"line":47,"column":1}},"line":23},"3":{"name":"(anonymous_3)","decl":{"start":{"line":28,"column":56},"end":{"line":28,"column":57}},"loc":{"start":{"line":28,"column":64},"end":{"line":37,"column":3}},"line":28},"4":{"name":"(anonymous_4)","decl":{"start":{"line":40,"column":57},"end":{"line":40,"column":58}},"loc":{"start":{"line":40,"column":68},"end":{"line":46,"column":3}},"line":40},"5":{"name":"clearFilter","decl":{"start":{"line":52,"column":9},"end":{"line":52,"column":20}},"loc":{"start":{"line":52,"column":23},"end":{"line":65,"column":1}},"line":52},"6":{"name":"(anonymous_6)","decl":{"start":{"line":56,"column":56},"end":{"line":56,"column":57}},"loc":{"start":{"line":56,"column":64},"end":{"line":59,"column":3}},"line":56},"7":{"name":"(anonymous_7)","decl":{"start":{"line":62,"column":57},"end":{"line":62,"column":58}},"loc":{"start":{"line":62,"column":68},"end":{"line":64,"column":3}},"line":62},"8":{"name":"activateFilter","decl":{"start":{"line":70,"column":9},"end":{"line":70,"column":23}},"loc":{"start":{"line":70,"column":34},"end":{"line":94,"column":1}},"line":70},"9":{"name":"(anonymous_9)","decl":{"start":{"line":74,"column":56},"end":{"line":74,"column":57}},"loc":{"start":{"line":74,"column":64},"end":{"line":83,"column":3}},"line":74},"10":{"name":"(anonymous_10)","decl":{"start":{"line":86,"column":57},"end":{"line":86,"column":58}},"loc":{"start":{"line":86,"column":68},"end":{"line":93,"column":3}},"line":86}},"branchMap":{"0":{"loc":{"start":{"line":10,"column":41},"end":{"line":10,"column":61}},"type":"binary-expr","locations":[{"start":{"line":10,"column":41},"end":{"line":10,"column":55}},{"start":{"line":10,"column":59},"end":{"line":10,"column":61}}],"line":10},"1":{"loc":{"start":{"line":17,"column":9},"end":{"line":17,"column":55}},"type":"binary-expr","locations":[{"start":{"line":17,"column":9},"end":{"line":17,"column":47}},{"start":{"line":17,"column":51},"end":{"line":17,"column":55}}],"line":17},"2":{"loc":{"start":{"line":25,"column":2},"end":{"line":25,"column":30}},"type":"if","locations":[{"start":{"line":25,"column":2},"end":{"line":25,"column":30}},{"start":{},"end":{}}],"line":25},"3":{"loc":{"start":{"line":30,"column":4},"end":{"line":36,"column":5}},"type":"if","locations":[{"start":{"line":30,"column":4},"end":{"line":36,"column":5}},{"start":{"line":33,"column":11},"end":{"line":36,"column":5}}],"line":30},"4":{"loc":{"start":{"line":41,"column":4},"end":{"line":45,"column":5}},"type":"if","locations":[{"start":{"line":41,"column":4},"end":{"line":45,"column":5}},{"start":{"line":43,"column":11},"end":{"line":45,"column":5}}],"line":41},"5":{"loc":{"start":{"line":76,"column":4},"end":{"line":82,"column":5}},"type":"if","locations":[{"start":{"line":76,"column":4},"end":{"line":82,"column":5}},{"start":{"line":79,"column":11},"end":{"line":82,"column":5}}],"line":76},"6":{"loc":{"start":{"line":87,"column":4},"end":{"line":92,"column":5}},"type":"if","locations":[{"start":{"line":87,"column":4},"end":{"line":92,"column":5}},{"start":{"line":90,"column":11},"end":{"line":92,"column":5}}],"line":87},"7":{"loc":{"start":{"line":97,"column":0},"end":{"line":105,"column":1}},"type":"if","locations":[{"start":{"line":97,"column":0},"end":{"line":105,"column":1}},{"start":{},"end":{}}],"line":97},"8":{"loc":{"start":{"line":97,"column":4},"end":{"line":97,"column":51}},"type":"binary-expr","locations":[{"start":{"line":97,"column":4},"end":{"line":97,"column":33}},{"start":{"line":97,"column":37},"end":{"line":97,"column":51}}],"line":97}},"s":{"0":7,"1":6,"2":3,"3":3,"4":1,"5":2,"6":4,"7":4,"8":2,"9":2,"10":2,"11":2,"12":2,"13":4,"14":2,"15":2,"16":3,"17":3,"18":6,"19":6,"20":3,"21":6,"22":2,"23":2,"24":4,"25":4,"26":2,"27":2,"28":2,"29":2,"30":2,"31":4,"32":2,"33":2,"34":2,"35":1,"36":1},"f":{"0":7,"1":6,"2":3,"3":4,"4":4,"5":3,"6":6,"7":6,"8":2,"9":4,"10":4},"b":{"0":[7,4],"1":[6,3],"2":[1,2],"3":[2,2],"4":[2,2],"5":[2,2],"6":[2,2],"7":[1,0],"8":[1,1]},"_coverageSchema":"1a1c01bbd47fc00a2c39e90264f33305004495a9","hash":"a33df70e53a137b48fdd9cdc3e05d8d1dafb98e1"}
}
