TN:
SF:apps/pantry/static/food_orders/js/admin_image_preview.js
FN:1,(anonymous_0)
FN:12,(anonymous_1)
FN:16,(anonymous_2)
FNF:3
FNH:0
FNDA:0,(anonymous_0)
FNDA:0,(anonymous_1)
FNDA:0,(anonymous_2)
DA:1,0
DA:2,0
DA:4,0
DA:6,0
DA:7,0
DA:8,0
DA:10,0
DA:12,0
DA:13,0
DA:14,0
DA:15,0
DA:16,0
DA:17,0
DA:19,0
DA:21,0
LF:15
LH:0
BRDA:4,0,0,0
BRDA:4,0,1,0
BRDA:14,1,0,0
BRDA:14,1,1,0
BRF:4
BRH:0
end_of_record
TN:
SF:apps/pantry/static/food_orders/js/orderitem_inline.js
FN:1,(anonymous_0)
FN:13,tryInit
FN:24,initOrderItemJS
FN:39,(anonymous_3)
FN:46,initRow
FN:75,getPriceValue
FN:84,updateLineTotal
FN:92,updatePriceFromProduct
FN:111,(anonymous_8)
FN:119,(anonymous_9)
FN:122,addTotalSummaryRow
FN:142,updateGrandTotal
FN:145,(anonymous_12)
FNF:13
FNH:0
FNDA:0,(anonymous_0)
FNDA:0,tryInit
FNDA:0,initOrderItemJS
FNDA:0,(anonymous_3)
FNDA:0,initRow
FNDA:0,getPriceValue
FNDA:0,updateLineTotal
FNDA:0,updatePriceFromProduct
FNDA:0,(anonymous_8)
FNDA:0,(anonymous_9)
FNDA:0,addTotalSummaryRow
FNDA:0,updateGrandTotal
FNDA:0,(anonymous_12)
DA:1,0
DA:2,0
DA:5,0
DA:6,0
DA:7,0
DA:8,0
DA:9,0
DA:10,0
DA:14,0
DA:15,0
DA:16,0
DA:17,0
DA:18,0
DA:20,0
DA:25,0
DA:26,0
DA:27,0
DA:28,0
DA:29,0
DA:32,0
DA:33,0
DA:34,0
DA:36,0
DA:37,0
DA:39,0
DA:40,0
DA:41,0
DA:42,0
DA:47,0
DA:48,0
DA:49,0
DA:50,0
DA:51,0
DA:53,0
DA:56,0
DA:57,0
DA:61,0
DA:62,0
DA:63,0
DA:64,0
DA:65,0
DA:67,0
DA:68,0
DA:69,0
DA:71,0
DA:76,0
DA:77,0
DA:78,0
DA:79,0
DA:81,0
DA:85,0
DA:86,0
DA:87,0
DA:88,0
DA:89,0
DA:93,0
DA:94,0
DA:95,0
DA:96,0
DA:97,0
DA:98,0
DA:100,0
DA:103,0
DA:104,0
DA:105,0
DA:107,0
DA:108,0
DA:110,0
DA:111,0
DA:112,0
DA:113,0
DA:115,0
DA:119,0
DA:123,0
DA:124,0
DA:125,0
DA:126,0
DA:127,0
DA:129,0
DA:130,0
DA:133,0
DA:134,0
DA:135,0
DA:136,0
DA:138,0
DA:143,0
DA:144,0
DA:145,0
DA:146,0
DA:147,0
DA:148,0
DA:149,0
DA:152,0
DA:153,0
DA:154,0
DA:158,0
LF:96
LH:0
BRDA:6,0,0,0
BRDA:6,0,1,0
BRDA:6,1,0,0
BRDA:6,1,1,0
BRDA:14,2,0,0
BRDA:14,2,1,0
BRDA:16,3,0,0
BRDA:16,3,1,0
BRDA:27,4,0,0
BRDA:27,4,1,0
BRDA:53,5,0,0
BRDA:53,5,1,0
BRDA:53,6,0,0
BRDA:53,6,1,0
BRDA:53,6,2,0
BRDA:53,6,3,0
BRDA:56,7,0,0
BRDA:56,7,1,0
BRDA:56,8,0,0
BRDA:56,8,1,0
BRDA:62,9,0,0
BRDA:62,9,1,0
BRDA:68,10,0,0
BRDA:68,10,1,0
BRDA:76,11,0,0
BRDA:76,11,1,0
BRDA:77,12,0,0
BRDA:77,12,1,0
BRDA:78,13,0,0
BRDA:78,13,1,0
BRDA:79,14,0,0
BRDA:79,14,1,0
BRDA:85,15,0,0
BRDA:85,15,1,0
BRDA:95,16,0,0
BRDA:95,16,1,0
BRDA:95,17,0,0
BRDA:95,17,1,0
BRDA:97,18,0,0
BRDA:97,18,1,0
BRDA:97,19,0,0
BRDA:97,19,1,0
BRDA:104,20,0,0
BRDA:104,20,1,0
BRDA:110,21,0,0
BRDA:110,21,1,0
BRDA:112,22,0,0
BRDA:112,22,1,0
BRDA:115,23,0,0
BRDA:115,23,1,0
BRDA:124,24,0,0
BRDA:124,24,1,0
BRDA:127,25,0,0
BRDA:127,25,1,0
BRDA:147,26,0,0
BRDA:147,26,1,0
BRDA:147,27,0,0
BRDA:147,27,1,0
BRDA:148,28,0,0
BRDA:148,28,1,0
BRDA:153,29,0,0
BRDA:153,29,1,0
BRF:62
BRH:0
end_of_record
TN:
SF:apps/pantry/static/food_orders/js/voucher_admin.js
FN:1,(anonymous_0)
FN:4,updateVoucherAmount
FN:19,(anonymous_2)
FN:20,(anonymous_3)
FN:23,(anonymous_4)
FN:26,initVoucherRows
FN:28,(anonymous_6)
FN:31,(anonymous_7)
FN:32,(anonymous_8)
FN:39,(anonymous_9)
FNF:10
FNH:0
FNDA:0,(anonymous_0)
FNDA:0,updateVoucherAmount
FNDA:0,(anonymous_2)
FNDA:0,(anonymous_3)
FNDA:0,(anonymous_4)
FNDA:0,initVoucherRows
FNDA:0,(anonymous_6)
FNDA:0,(anonymous_7)
FNDA:0,(anonymous_8)
FNDA:0,(anonymous_9)
DA:1,0
DA:2,0
DA:5,0
DA:6,0
DA:7,0
DA:9,0
DA:11,0
DA:12,0
DA:14,0
DA:16,0
DA:18,0
DA:19,0
DA:21,0
DA:23,0
DA:27,0
DA:28,0
DA:29,0
DA:30,0
DA:31,0
DA:32,0
DA:33,0
DA:37,0
DA:39,0
DA:40,0
DA:41,0
LF:25
LH:0
BRDA:9,0,0,0
BRDA:9,0,1,0
BRDA:9,1,0,0
BRDA:9,1,1,0
BRDA:9,1,2,0
BRDA:14,2,0,0
BRDA:14,2,1,0
BRDA:14,3,0,0
BRDA:14,3,1,0
BRDA:31,4,0,0
BRDA:31,4,1,0
BRDA:32,5,0,0
BRDA:32,5,1,0
BRF:13
BRH:0
end_of_record
TN:
SF:apps/pantry/static/js/cart.js
FN:12,getCookie
FN:29,initializeCart
FN:40,saveCartToStorage
FN:47,loadCartFromStorage
FN:60,addToCart
FN:71,removeFromCart
FN:79,updateCartQuantity
FN:91,getCartItemCount
FN:92,(anonymous_8)
FN:98,calculateCartTotal
FN:112,clearCart
FN:120,getCart
FN:127,setCart
FNF:13
FNH:2
FNDA:0,getCookie
FNDA:0,initializeCart
FNDA:0,saveCartToStorage
FNDA:1,loadCartFromStorage
FNDA:0,addToCart
FNDA:0,removeFromCart
FNDA:0,updateCartQuantity
FNDA:0,getCartItemCount
FNDA:0,(anonymous_8)
FNDA:0,calculateCartTotal
FNDA:0,clearCart
FNDA:0,getCart
FNDA:5,setCart
DA:7,1
DA:13,0
DA:14,0
DA:15,0
DA:16,0
DA:17,0
DA:18,0
DA:19,0
DA:23,0
DA:30,0
DA:31,0
DA:32,0
DA:34,0
DA:41,0
DA:48,1
DA:49,1
DA:50,1
DA:52,0
DA:53,0
DA:61,0
DA:63,0
DA:64,0
DA:65,0
DA:72,0
DA:73,0
DA:80,0
DA:81,0
DA:83,0
DA:84,0
DA:92,0
DA:99,0
DA:100,0
DA:101,0
DA:102,0
DA:103,0
DA:106,0
DA:113,0
DA:114,0
DA:121,0
DA:128,5
DA:132,1
DA:133,1
LF:42
LH:7
BRDA:14,0,0,0
BRDA:14,0,1,0
BRDA:14,1,0,0
BRDA:14,1,1,0
BRDA:17,2,0,0
BRDA:17,2,1,0
BRDA:30,3,0,0
BRDA:30,3,1,0
BRDA:30,4,0,0
BRDA:30,4,1,0
BRDA:41,5,0,0
BRDA:41,5,1,0
BRDA:50,6,0,0
BRDA:50,6,1,1
BRDA:61,7,0,0
BRDA:61,7,1,0
BRDA:63,8,0,0
BRDA:63,8,1,0
BRDA:80,9,0,0
BRDA:80,9,1,0
BRDA:102,10,0,0
BRDA:102,10,1,0
BRDA:132,11,0,1
BRDA:132,11,1,0
BRDA:132,12,0,1
BRDA:132,12,1,1
BRF:26
BRH:4
end_of_record
TN:
SF:apps/pantry/static/js/filter.js
FN:9,saveFilterState
FN:16,loadFilterState
FN:23,applyFilterState
FN:28,(anonymous_3)
FN:40,(anonymous_4)
FN:52,clearFilter
FN:56,(anonymous_6)
FN:62,(anonymous_7)
FN:70,activateFilter
FN:74,(anonymous_9)
FN:86,(anonymous_10)
FNF:11
FNH:11
FNDA:7,saveFilterState
FNDA:6,loadFilterState
FNDA:3,applyFilterState
FNDA:4,(anonymous_3)
FNDA:4,(anonymous_4)
FNDA:3,clearFilter
FNDA:6,(anonymous_6)
FNDA:6,(anonymous_7)
FNDA:2,activateFilter
FNDA:4,(anonymous_9)
FNDA:4,(anonymous_10)
DA:10,7
DA:17,6
DA:24,3
DA:25,3
DA:28,2
DA:29,4
DA:30,4
DA:31,2
DA:32,2
DA:34,2
DA:35,2
DA:40,2
DA:41,4
DA:42,2
DA:44,2
DA:53,3
DA:56,3
DA:57,6
DA:58,6
DA:62,3
DA:63,6
DA:71,2
DA:74,2
DA:75,4
DA:76,4
DA:77,2
DA:78,2
DA:80,2
DA:81,2
DA:86,2
DA:87,4
DA:88,2
DA:89,2
DA:91,2
DA:97,1
DA:98,1
LF:36
LH:36
BRDA:10,0,0,7
BRDA:10,0,1,4
BRDA:17,1,0,6
BRDA:17,1,1,3
BRDA:25,2,0,1
BRDA:25,2,1,2
BRDA:30,3,0,2
BRDA:30,3,1,2
BRDA:41,4,0,2
BRDA:41,4,1,2
BRDA:76,5,0,2
BRDA:76,5,1,2
BRDA:87,6,0,2
BRDA:87,6,1,2
BRDA:97,7,0,1
BRDA:97,7,1,0
BRDA:97,8,0,1
BRDA:97,8,1,1
BRF:18
BRH:17
end_of_record
